<?xml version="1.0" encoding="UTF-8"?>
<testsuite name="com.example.application.member.MemberQueryServiceTest" tests="2" skipped="0" failures="0" errors="0" timestamp="2024-08-24T18:02:34" hostname="KAY-PC-3080" time="0.76">
  <properties/>
  <testcase name="should get all members successfully()" classname="com.example.application.member.MemberQueryServiceTest" time="0.74"/>
  <testcase name="should get a member by id successfully()" classname="com.example.application.member.MemberQueryServiceTest" time="0.019"/>
  <system-out><![CDATA[]]></system-out>
  <system-err><![CDATA[]]></system-err>
</testsuite>
